2021-02-10 22:37:20.035  INFO 13356 --- [restartedMain] c.x.e.EquipmentSysApplication            : Starting EquipmentSysApplication on DESKTOP-QLGS8VS with PID 13356 (E:\code\mycode\EquipmentSys\target\classes started by ASUS in E:\code\mycode\EquipmentSys)
2021-02-10 22:37:20.035 DEBUG 13356 --- [restartedMain] c.x.e.EquipmentSysApplication            : Running with Spring Boot v2.3.7.RELEASE, Spring v5.2.12.RELEASE
2021-02-10 22:37:20.035  INFO 13356 --- [restartedMain] c.x.e.EquipmentSysApplication            : No active profile set, falling back to default profiles: default
2021-02-10 22:37:20.094  INFO 13356 --- [restartedMain] .e.DevToolsPropertyDefaultsPostProcessor : Devtools property defaults active! Set 'spring.devtools.add-properties' to 'false' to disable
2021-02-10 22:37:20.105  INFO 13356 --- [restartedMain] .e.DevToolsPropertyDefaultsPostProcessor : For additional web related logging consider setting the 'logging.level.web' property to 'DEBUG'
2021-02-10 22:37:20.834  INFO 13356 --- [restartedMain] .s.d.r.c.RepositoryConfigurationDelegate : Multiple Spring Data modules found, entering strict repository configuration mode!
2021-02-10 22:37:20.834  INFO 13356 --- [restartedMain] .s.d.r.c.RepositoryConfigurationDelegate : Bootstrapping Spring Data Redis repositories in DEFAULT mode.
2021-02-10 22:37:20.864  INFO 13356 --- [restartedMain] .s.d.r.c.RepositoryConfigurationDelegate : Finished Spring Data repository scanning in 15ms. Found 0 Redis repository interfaces.
2021-02-10 22:37:21.484  INFO 13356 --- [restartedMain] o.s.b.w.embedded.tomcat.TomcatWebServer  : Tomcat initialized with port(s): 8090 (http)
2021-02-10 22:37:21.494  INFO 13356 --- [restartedMain] o.apache.catalina.core.StandardService   : Starting service [Tomcat]
2021-02-10 22:37:21.494  INFO 13356 --- [restartedMain] org.apache.catalina.core.StandardEngine  : Starting Servlet engine: [Apache Tomcat/9.0.41]
2021-02-10 22:37:21.504  INFO 13356 --- [restartedMain] o.a.catalina.core.AprLifecycleListener   : Loaded Apache Tomcat Native library [1.2.24] using APR version [1.7.0].
2021-02-10 22:37:21.504  INFO 13356 --- [restartedMain] o.a.catalina.core.AprLifecycleListener   : APR capabilities: IPv6 [true], sendfile [true], accept filters [false], random [true].
2021-02-10 22:37:21.504  INFO 13356 --- [restartedMain] o.a.catalina.core.AprLifecycleListener   : APR/OpenSSL configuration: useAprConnector [false], useOpenSSL [true]
2021-02-10 22:37:21.504  INFO 13356 --- [restartedMain] o.a.catalina.core.AprLifecycleListener   : OpenSSL successfully initialized [OpenSSL 1.1.1g  21 Apr 2020]
2021-02-10 22:37:21.624  INFO 13356 --- [restartedMain] o.a.c.c.C.[Tomcat].[localhost].[/]       : Initializing Spring embedded WebApplicationContext
2021-02-10 22:37:21.624  INFO 13356 --- [restartedMain] w.s.c.ServletWebServerApplicationContext : Root WebApplicationContext: initialization completed in 1519 ms
2021-02-10 22:37:24.312  INFO 13356 --- [restartedMain] o.s.s.web.DefaultSecurityFilterChain     : Creating filter chain: any request, [org.springframework.security.web.context.request.async.WebAsyncManagerIntegrationFilter@394ee177, org.springframework.security.web.context.SecurityContextPersistenceFilter@7ac446b6, org.springframework.security.web.header.HeaderWriterFilter@5606e924, org.springframework.security.web.authentication.logout.LogoutFilter@4bcf91fa, org.springframework.security.web.authentication.UsernamePasswordAuthenticationFilter@5f2c59df, org.springframework.security.web.savedrequest.RequestCacheAwareFilter@6332004b, org.springframework.security.web.servletapi.SecurityContextHolderAwareRequestFilter@181564d2, org.springframework.security.web.authentication.rememberme.RememberMeAuthenticationFilter@7d4a6877, org.springframework.security.web.authentication.AnonymousAuthenticationFilter@157cd60d, org.springframework.security.web.session.SessionManagementFilter@1b77ded, org.springframework.security.web.access.ExceptionTranslationFilter@5d3e3286, org.springframework.security.web.access.intercept.FilterSecurityInterceptor@6177e94]
2021-02-10 22:37:24.432  INFO 13356 --- [restartedMain] o.s.s.concurrent.ThreadPoolTaskExecutor  : Initializing ExecutorService 'applicationTaskExecutor'
2021-02-10 22:37:24.512  INFO 13356 --- [restartedMain] o.s.b.a.w.s.WelcomePageHandlerMapping    : Adding welcome page template: index
2021-02-10 22:37:24.792  INFO 13356 --- [restartedMain] o.s.b.d.a.OptionalLiveReloadServer       : LiveReload server is running on port 35729
2021-02-10 22:37:24.842  INFO 13356 --- [restartedMain] o.s.b.w.embedded.tomcat.TomcatWebServer  : Tomcat started on port(s): 8090 (http) with context path ''
2021-02-10 22:37:24.852  INFO 13356 --- [restartedMain] c.x.e.EquipmentSysApplication            : Started EquipmentSysApplication in 5.418 seconds (JVM running for 7.019)
2021-02-10 22:39:23.399  INFO 13356 --- [http-nio-8090-exec-1] o.apache.tomcat.util.http.parser.Cookie  : A cookie header was received [1605791924,1605792017; JSESSIONID=FB667BA98DC23604DA058507E42CCCC6] that contained an invalid cookie. That cookie will be ignored.
 Note: further occurrences of this error will be logged at DEBUG level.
2021-02-10 22:39:23.407  INFO 13356 --- [http-nio-8090-exec-1] o.a.c.c.C.[Tomcat].[localhost].[/]       : Initializing Spring DispatcherServlet 'dispatcherServlet'
2021-02-10 22:39:23.408  INFO 13356 --- [http-nio-8090-exec-1] o.s.web.servlet.DispatcherServlet        : Initializing Servlet 'dispatcherServlet'
2021-02-10 22:39:23.418  INFO 13356 --- [http-nio-8090-exec-1] o.s.web.servlet.DispatcherServlet        : Completed initialization in 10 ms
2021-02-10 22:39:24.214  INFO 13356 --- [http-nio-8090-exec-10] com.zaxxer.hikari.HikariDataSource       : HikariPool-1 - Starting...
2021-02-10 22:39:24.431  INFO 13356 --- [http-nio-8090-exec-10] com.zaxxer.hikari.HikariDataSource       : HikariPool-1 - Start completed.
2021-02-10 22:39:24.439 DEBUG 13356 --- [http-nio-8090-exec-10] c.x.e.mapper.IEquipmentMapper.getList    : ==>  Preparing: SELECT e.id, e.equip_number, e.equip_name, e.equip_summary, e.equip_state, e.create_time, e.update_time, t.equip_type_name FROM t_equipment e LEFT JOIN t_equipment_type t ON e.equip_type_number = t.equip_type_number WHERE e.is_del = 0 AND t.is_del = 0 -- Integer类型不判''
2021-02-10 22:39:24.460 DEBUG 13356 --- [http-nio-8090-exec-10] c.x.e.mapper.IEquipmentMapper.getList    : ==> Parameters: 
2021-02-10 22:39:24.480 DEBUG 13356 --- [http-nio-8090-exec-10] c.x.e.mapper.IEquipmentMapper.getList    : <==      Total: 3
2021-02-10 23:11:12.817  INFO 13356 --- [Thread-15] o.s.s.concurrent.ThreadPoolTaskExecutor  : Shutting down ExecutorService 'applicationTaskExecutor'
2021-02-10 23:11:12.837  INFO 13356 --- [Thread-15] com.zaxxer.hikari.HikariDataSource       : HikariPool-1 - Shutdown initiated...
2021-02-10 23:11:12.847  INFO 13356 --- [Thread-15] com.zaxxer.hikari.HikariDataSource       : HikariPool-1 - Shutdown completed.
2021-02-10 23:11:13.047  INFO 13356 --- [restartedMain] c.x.e.EquipmentSysApplication            : Starting EquipmentSysApplication on DESKTOP-QLGS8VS with PID 13356 (E:\code\mycode\EquipmentSys\target\classes started by ASUS in E:\code\mycode\EquipmentSys)
2021-02-10 23:11:13.047 DEBUG 13356 --- [restartedMain] c.x.e.EquipmentSysApplication            : Running with Spring Boot v2.3.7.RELEASE, Spring v5.2.12.RELEASE
2021-02-10 23:11:13.047  INFO 13356 --- [restartedMain] c.x.e.EquipmentSysApplication            : No active profile set, falling back to default profiles: default
2021-02-10 23:11:13.327  INFO 13356 --- [restartedMain] .s.d.r.c.RepositoryConfigurationDelegate : Multiple Spring Data modules found, entering strict repository configuration mode!
2021-02-10 23:11:13.327  INFO 13356 --- [restartedMain] .s.d.r.c.RepositoryConfigurationDelegate : Bootstrapping Spring Data Redis repositories in DEFAULT mode.
2021-02-10 23:11:13.347  INFO 13356 --- [restartedMain] .s.d.r.c.RepositoryConfigurationDelegate : Finished Spring Data repository scanning in 14ms. Found 0 Redis repository interfaces.
2021-02-10 23:11:13.516  INFO 13356 --- [restartedMain] o.s.b.w.embedded.tomcat.TomcatWebServer  : Tomcat initialized with port(s): 8090 (http)
2021-02-10 23:11:13.516  INFO 13356 --- [restartedMain] o.apache.catalina.core.StandardService   : Starting service [Tomcat]
2021-02-10 23:11:13.516  INFO 13356 --- [restartedMain] org.apache.catalina.core.StandardEngine  : Starting Servlet engine: [Apache Tomcat/9.0.41]
2021-02-10 23:11:13.516  INFO 13356 --- [restartedMain] o.a.catalina.core.AprLifecycleListener   : Loaded Apache Tomcat Native library [1.2.24] using APR version [1.7.0].
2021-02-10 23:11:13.516  INFO 13356 --- [restartedMain] o.a.catalina.core.AprLifecycleListener   : APR capabilities: IPv6 [true], sendfile [true], accept filters [false], random [true].
2021-02-10 23:11:13.516  INFO 13356 --- [restartedMain] o.a.catalina.core.AprLifecycleListener   : APR/OpenSSL configuration: useAprConnector [false], useOpenSSL [true]
2021-02-10 23:11:13.516  INFO 13356 --- [restartedMain] o.a.catalina.core.AprLifecycleListener   : OpenSSL successfully initialized [OpenSSL 1.1.1g  21 Apr 2020]
2021-02-10 23:11:13.546  INFO 13356 --- [restartedMain] o.a.c.c.C.[Tomcat].[localhost].[/]       : Initializing Spring embedded WebApplicationContext
2021-02-10 23:11:13.546  INFO 13356 --- [restartedMain] w.s.c.ServletWebServerApplicationContext : Root WebApplicationContext: initialization completed in 499 ms
2021-02-10 23:11:14.746  INFO 13356 --- [restartedMain] o.s.s.web.DefaultSecurityFilterChain     : Creating filter chain: any request, [org.springframework.security.web.context.request.async.WebAsyncManagerIntegrationFilter@52eec38c, org.springframework.security.web.context.SecurityContextPersistenceFilter@7ae5641d, org.springframework.security.web.header.HeaderWriterFilter@11957af1, org.springframework.security.web.authentication.logout.LogoutFilter@5ef203ac, org.springframework.security.web.authentication.UsernamePasswordAuthenticationFilter@62f301a, org.springframework.security.web.savedrequest.RequestCacheAwareFilter@60985218, org.springframework.security.web.servletapi.SecurityContextHolderAwareRequestFilter@5a60ee08, org.springframework.security.web.authentication.rememberme.RememberMeAuthenticationFilter@2d3d75f9, org.springframework.security.web.authentication.AnonymousAuthenticationFilter@4e11e56b, org.springframework.security.web.session.SessionManagementFilter@10b8bd68, org.springframework.security.web.access.ExceptionTranslationFilter@21576607, org.springframework.security.web.access.intercept.FilterSecurityInterceptor@7fdc77e5]
2021-02-10 23:11:14.816  INFO 13356 --- [restartedMain] o.s.s.concurrent.ThreadPoolTaskExecutor  : Initializing ExecutorService 'applicationTaskExecutor'
2021-02-10 23:11:14.856  INFO 13356 --- [restartedMain] o.s.b.a.w.s.WelcomePageHandlerMapping    : Adding welcome page template: index
2021-02-10 23:11:14.996  INFO 13356 --- [restartedMain] o.s.b.d.a.OptionalLiveReloadServer       : LiveReload server is running on port 35729
2021-02-10 23:11:15.026  INFO 13356 --- [restartedMain] o.s.b.w.embedded.tomcat.TomcatWebServer  : Tomcat started on port(s): 8090 (http) with context path ''
2021-02-10 23:11:15.026  INFO 13356 --- [restartedMain] c.x.e.EquipmentSysApplication            : Started EquipmentSysApplication in 2.02 seconds (JVM running for 2037.198)
2021-02-10 23:11:15.036  INFO 13356 --- [restartedMain] .ConditionEvaluationDeltaLoggingListener : Condition evaluation unchanged
2021-02-10 23:27:32.908  INFO 13356 --- [SpringContextShutdownHook] o.s.s.concurrent.ThreadPoolTaskExecutor  : Shutting down ExecutorService 'applicationTaskExecutor'
2021-02-10 23:27:46.694  INFO 6872 --- [restartedMain] c.x.e.EquipmentSysApplication            : Starting EquipmentSysApplication on DESKTOP-QLGS8VS with PID 6872 (E:\code\mycode\EquipmentSys\target\classes started by ASUS in E:\code\mycode\EquipmentSys)
2021-02-10 23:27:46.697 DEBUG 6872 --- [restartedMain] c.x.e.EquipmentSysApplication            : Running with Spring Boot v2.3.7.RELEASE, Spring v5.2.12.RELEASE
2021-02-10 23:27:46.698  INFO 6872 --- [restartedMain] c.x.e.EquipmentSysApplication            : No active profile set, falling back to default profiles: default
2021-02-10 23:27:46.764  INFO 6872 --- [restartedMain] .e.DevToolsPropertyDefaultsPostProcessor : Devtools property defaults active! Set 'spring.devtools.add-properties' to 'false' to disable
2021-02-10 23:27:46.764  INFO 6872 --- [restartedMain] .e.DevToolsPropertyDefaultsPostProcessor : For additional web related logging consider setting the 'logging.level.web' property to 'DEBUG'
2021-02-10 23:27:47.522  INFO 6872 --- [restartedMain] .s.d.r.c.RepositoryConfigurationDelegate : Multiple Spring Data modules found, entering strict repository configuration mode!
2021-02-10 23:27:47.525  INFO 6872 --- [restartedMain] .s.d.r.c.RepositoryConfigurationDelegate : Bootstrapping Spring Data Redis repositories in DEFAULT mode.
2021-02-10 23:27:47.556  INFO 6872 --- [restartedMain] .s.d.r.c.RepositoryConfigurationDelegate : Finished Spring Data repository scanning in 16ms. Found 0 Redis repository interfaces.
2021-02-10 23:27:48.196  INFO 6872 --- [restartedMain] o.s.b.w.embedded.tomcat.TomcatWebServer  : Tomcat initialized with port(s): 8090 (http)
2021-02-10 23:27:48.206  INFO 6872 --- [restartedMain] o.apache.catalina.core.StandardService   : Starting service [Tomcat]
2021-02-10 23:27:48.207  INFO 6872 --- [restartedMain] org.apache.catalina.core.StandardEngine  : Starting Servlet engine: [Apache Tomcat/9.0.41]
2021-02-10 23:27:48.210  INFO 6872 --- [restartedMain] o.a.catalina.core.AprLifecycleListener   : Loaded Apache Tomcat Native library [1.2.24] using APR version [1.7.0].
2021-02-10 23:27:48.211  INFO 6872 --- [restartedMain] o.a.catalina.core.AprLifecycleListener   : APR capabilities: IPv6 [true], sendfile [true], accept filters [false], random [true].
2021-02-10 23:27:48.211  INFO 6872 --- [restartedMain] o.a.catalina.core.AprLifecycleListener   : APR/OpenSSL configuration: useAprConnector [false], useOpenSSL [true]
2021-02-10 23:27:48.215  INFO 6872 --- [restartedMain] o.a.catalina.core.AprLifecycleListener   : OpenSSL successfully initialized [OpenSSL 1.1.1g  21 Apr 2020]
2021-02-10 23:27:48.339  INFO 6872 --- [restartedMain] o.a.c.c.C.[Tomcat].[localhost].[/]       : Initializing Spring embedded WebApplicationContext
2021-02-10 23:27:48.340  INFO 6872 --- [restartedMain] w.s.c.ServletWebServerApplicationContext : Root WebApplicationContext: initialization completed in 1575 ms
2021-02-10 23:27:50.555  INFO 6872 --- [restartedMain] o.s.s.web.DefaultSecurityFilterChain     : Creating filter chain: any request, [org.springframework.security.web.context.request.async.WebAsyncManagerIntegrationFilter@14c84014, org.springframework.security.web.context.SecurityContextPersistenceFilter@27f83930, org.springframework.security.web.header.HeaderWriterFilter@1be6e10a, org.springframework.security.web.authentication.logout.LogoutFilter@7a5a1cb1, org.springframework.security.web.authentication.UsernamePasswordAuthenticationFilter@6effbc96, org.springframework.security.web.savedrequest.RequestCacheAwareFilter@43a47261, org.springframework.security.web.servletapi.SecurityContextHolderAwareRequestFilter@6757897a, org.springframework.security.web.authentication.rememberme.RememberMeAuthenticationFilter@5c907020, org.springframework.security.web.authentication.AnonymousAuthenticationFilter@6a21485c, org.springframework.security.web.session.SessionManagementFilter@2994c682, org.springframework.security.web.access.ExceptionTranslationFilter@4a5f2cde, org.springframework.security.web.access.intercept.FilterSecurityInterceptor@1dbb773f]
2021-02-10 23:27:50.742  INFO 6872 --- [restartedMain] o.s.s.concurrent.ThreadPoolTaskExecutor  : Initializing ExecutorService 'applicationTaskExecutor'
2021-02-10 23:27:50.825  INFO 6872 --- [restartedMain] o.s.b.a.w.s.WelcomePageHandlerMapping    : Adding welcome page template: index
2021-02-10 23:27:51.064  INFO 6872 --- [restartedMain] o.s.b.d.a.OptionalLiveReloadServer       : LiveReload server is running on port 35729
2021-02-10 23:27:51.123  INFO 6872 --- [restartedMain] o.s.b.w.embedded.tomcat.TomcatWebServer  : Tomcat started on port(s): 8090 (http) with context path ''
2021-02-10 23:27:51.136  INFO 6872 --- [restartedMain] c.x.e.EquipmentSysApplication            : Started EquipmentSysApplication in 5.008 seconds (JVM running for 6.765)
2021-02-10 23:29:29.301  INFO 6872 --- [http-nio-8090-exec-1] o.apache.tomcat.util.http.parser.Cookie  : A cookie header was received [1605791924,1605792017] that contained an invalid cookie. That cookie will be ignored.
 Note: further occurrences of this error will be logged at DEBUG level.
2021-02-10 23:29:29.311  INFO 6872 --- [http-nio-8090-exec-1] o.a.c.c.C.[Tomcat].[localhost].[/]       : Initializing Spring DispatcherServlet 'dispatcherServlet'
2021-02-10 23:29:29.311  INFO 6872 --- [http-nio-8090-exec-1] o.s.web.servlet.DispatcherServlet        : Initializing Servlet 'dispatcherServlet'
2021-02-10 23:29:29.319  INFO 6872 --- [http-nio-8090-exec-1] o.s.web.servlet.DispatcherServlet        : Completed initialization in 7 ms
2021-02-10 23:29:37.391  INFO 6872 --- [http-nio-8090-exec-3] com.zaxxer.hikari.HikariDataSource       : HikariPool-1 - Starting...
2021-02-10 23:29:37.571  INFO 6872 --- [http-nio-8090-exec-3] com.zaxxer.hikari.HikariDataSource       : HikariPool-1 - Start completed.
2021-02-10 23:29:37.578 DEBUG 6872 --- [http-nio-8090-exec-3] c.x.e.mapper.IUserMapper.selectOne       : ==>  Preparing: SELECT id,dept_number,user_number,user_name,password,true_name,role_type,create_time,update_time,is_del FROM t_user WHERE is_del=0 AND (user_name = ?)
2021-02-10 23:29:37.599 DEBUG 6872 --- [http-nio-8090-exec-3] c.x.e.mapper.IUserMapper.selectOne       : ==> Parameters: admin(String)
2021-02-10 23:29:37.615 DEBUG 6872 --- [http-nio-8090-exec-3] c.x.e.mapper.IUserMapper.selectOne       : <==      Total: 1
2021-02-10 23:29:37.621 DEBUG 6872 --- [http-nio-8090-exec-3] c.x.e.mapper.IRoleMapper.selectList      : ==>  Preparing: SELECT id,role_type,role_auth,role_name,create_time,update_time,is_del FROM t_role WHERE is_del=0 AND (role_type = ?)
2021-02-10 23:29:37.622 DEBUG 6872 --- [http-nio-8090-exec-3] c.x.e.mapper.IRoleMapper.selectList      : ==> Parameters: 0(Integer)
2021-02-10 23:29:37.625 DEBUG 6872 --- [http-nio-8090-exec-3] c.x.e.mapper.IRoleMapper.selectList      : <==      Total: 1
2021-02-10 23:29:37.980 DEBUG 6872 --- [http-nio-8090-exec-4] c.x.e.mapper.IEquipmentMapper.getList    : ==>  Preparing: SELECT e.id, e.equip_number, e.equip_name, e.equip_summary, e.equip_state, e.create_time, e.update_time, t.equip_type_name FROM t_equipment e LEFT JOIN t_equipment_type t ON e.equip_type_number = t.equip_type_number WHERE e.is_del = 0 AND t.is_del = 0 -- Integer类型不判''
2021-02-10 23:29:37.980 DEBUG 6872 --- [http-nio-8090-exec-4] c.x.e.mapper.IEquipmentMapper.getList    : ==> Parameters: 
2021-02-10 23:29:37.988 DEBUG 6872 --- [http-nio-8090-exec-4] c.x.e.mapper.IEquipmentMapper.getList    : <==      Total: 3
2021-02-10 23:29:39.643 DEBUG 6872 --- [http-nio-8090-exec-10] c.x.e.mapper.IDepartmentMapper.getList   : ==>  Preparing: SELECT id, dept_number, dept_name, dept_introduce, create_time, update_time FROM t_department WHERE is_del = 0
2021-02-10 23:29:39.644 DEBUG 6872 --- [http-nio-8090-exec-10] c.x.e.mapper.IDepartmentMapper.getList   : ==> Parameters: 
2021-02-10 23:29:39.648 DEBUG 6872 --- [http-nio-8090-exec-10] c.x.e.mapper.IDepartmentMapper.getList   : <==      Total: 5
2021-02-10 23:30:34.235  INFO 6872 --- [Thread-15] o.s.s.concurrent.ThreadPoolTaskExecutor  : Shutting down ExecutorService 'applicationTaskExecutor'
2021-02-10 23:30:34.266  INFO 6872 --- [Thread-15] com.zaxxer.hikari.HikariDataSource       : HikariPool-1 - Shutdown initiated...
2021-02-10 23:30:34.275  INFO 6872 --- [Thread-15] com.zaxxer.hikari.HikariDataSource       : HikariPool-1 - Shutdown completed.
2021-02-10 23:30:34.555  INFO 6872 --- [restartedMain] c.x.e.EquipmentSysApplication            : Starting EquipmentSysApplication on DESKTOP-QLGS8VS with PID 6872 (E:\code\mycode\EquipmentSys\target\classes started by ASUS in E:\code\mycode\EquipmentSys)
2021-02-10 23:30:34.555 DEBUG 6872 --- [restartedMain] c.x.e.EquipmentSysApplication            : Running with Spring Boot v2.3.7.RELEASE, Spring v5.2.12.RELEASE
2021-02-10 23:30:34.555  INFO 6872 --- [restartedMain] c.x.e.EquipmentSysApplication            : No active profile set, falling back to default profiles: default
2021-02-10 23:30:34.885  INFO 6872 --- [restartedMain] .s.d.r.c.RepositoryConfigurationDelegate : Multiple Spring Data modules found, entering strict repository configuration mode!
2021-02-10 23:30:34.885  INFO 6872 --- [restartedMain] .s.d.r.c.RepositoryConfigurationDelegate : Bootstrapping Spring Data Redis repositories in DEFAULT mode.
2021-02-10 23:30:34.905  INFO 6872 --- [restartedMain] .s.d.r.c.RepositoryConfigurationDelegate : Finished Spring Data repository scanning in 15ms. Found 0 Redis repository interfaces.
2021-02-10 23:30:35.045  INFO 6872 --- [restartedMain] o.s.b.w.embedded.tomcat.TomcatWebServer  : Tomcat initialized with port(s): 8090 (http)
2021-02-10 23:30:35.045  INFO 6872 --- [restartedMain] o.apache.catalina.core.StandardService   : Starting service [Tomcat]
2021-02-10 23:30:35.045  INFO 6872 --- [restartedMain] org.apache.catalina.core.StandardEngine  : Starting Servlet engine: [Apache Tomcat/9.0.41]
2021-02-10 23:30:35.045  INFO 6872 --- [restartedMain] o.a.catalina.core.AprLifecycleListener   : Loaded Apache Tomcat Native library [1.2.24] using APR version [1.7.0].
2021-02-10 23:30:35.045  INFO 6872 --- [restartedMain] o.a.catalina.core.AprLifecycleListener   : APR capabilities: IPv6 [true], sendfile [true], accept filters [false], random [true].
2021-02-10 23:30:35.045  INFO 6872 --- [restartedMain] o.a.catalina.core.AprLifecycleListener   : APR/OpenSSL configuration: useAprConnector [false], useOpenSSL [true]
2021-02-10 23:30:35.045  INFO 6872 --- [restartedMain] o.a.catalina.core.AprLifecycleListener   : OpenSSL successfully initialized [OpenSSL 1.1.1g  21 Apr 2020]
2021-02-10 23:30:35.075  INFO 6872 --- [restartedMain] o.a.c.c.C.[Tomcat].[localhost].[/]       : Initializing Spring embedded WebApplicationContext
2021-02-10 23:30:35.075  INFO 6872 --- [restartedMain] w.s.c.ServletWebServerApplicationContext : Root WebApplicationContext: initialization completed in 510 ms
2021-02-10 23:30:36.015  INFO 6872 --- [restartedMain] o.s.s.web.DefaultSecurityFilterChain     : Creating filter chain: any request, [org.springframework.security.web.context.request.async.WebAsyncManagerIntegrationFilter@1bd3cc9b, org.springframework.security.web.context.SecurityContextPersistenceFilter@53cf9d13, org.springframework.security.web.header.HeaderWriterFilter@46e7fa52, org.springframework.security.web.authentication.logout.LogoutFilter@75e5ca6, org.springframework.security.web.authentication.UsernamePasswordAuthenticationFilter@3b9b1768, org.springframework.security.web.savedrequest.RequestCacheAwareFilter@7e69ca20, org.springframework.security.web.servletapi.SecurityContextHolderAwareRequestFilter@7a58ad5, org.springframework.security.web.authentication.rememberme.RememberMeAuthenticationFilter@38c8e3b5, org.springframework.security.web.authentication.AnonymousAuthenticationFilter@47dc26cc, org.springframework.security.web.session.SessionManagementFilter@23b18db6, org.springframework.security.web.access.ExceptionTranslationFilter@50bfa68c, org.springframework.security.web.access.intercept.FilterSecurityInterceptor@40c38217]
2021-02-10 23:30:36.065  INFO 6872 --- [restartedMain] o.s.s.concurrent.ThreadPoolTaskExecutor  : Initializing ExecutorService 'applicationTaskExecutor'
2021-02-10 23:30:36.094  INFO 6872 --- [restartedMain] o.s.b.a.w.s.WelcomePageHandlerMapping    : Adding welcome page template: index
2021-02-10 23:30:36.174  INFO 6872 --- [restartedMain] o.s.b.d.a.OptionalLiveReloadServer       : LiveReload server is running on port 35729
2021-02-10 23:30:36.204  INFO 6872 --- [restartedMain] o.s.b.w.embedded.tomcat.TomcatWebServer  : Tomcat started on port(s): 8090 (http) with context path ''
2021-02-10 23:30:36.204  INFO 6872 --- [restartedMain] c.x.e.EquipmentSysApplication            : Started EquipmentSysApplication in 1.722 seconds (JVM running for 171.844)
2021-02-10 23:30:36.214  INFO 6872 --- [restartedMain] .ConditionEvaluationDeltaLoggingListener : Condition evaluation unchanged
2021-02-10 23:30:42.312  INFO 12444 --- [main] c.x.e.EquipmentSysApplicationTests       : Starting EquipmentSysApplicationTests on DESKTOP-QLGS8VS with PID 12444 (started by ASUS in E:\code\mycode\EquipmentSys)
2021-02-10 23:30:42.312 DEBUG 12444 --- [main] c.x.e.EquipmentSysApplicationTests       : Running with Spring Boot v2.3.7.RELEASE, Spring v5.2.12.RELEASE
2021-02-10 23:30:42.312  INFO 12444 --- [main] c.x.e.EquipmentSysApplicationTests       : No active profile set, falling back to default profiles: default
2021-02-10 23:30:43.202  INFO 12444 --- [main] .s.d.r.c.RepositoryConfigurationDelegate : Multiple Spring Data modules found, entering strict repository configuration mode!
2021-02-10 23:30:43.212  INFO 12444 --- [main] .s.d.r.c.RepositoryConfigurationDelegate : Bootstrapping Spring Data Redis repositories in DEFAULT mode.
2021-02-10 23:30:43.252  INFO 12444 --- [main] .s.d.r.c.RepositoryConfigurationDelegate : Finished Spring Data repository scanning in 22ms. Found 0 Redis repository interfaces.
2021-02-10 23:30:47.639  INFO 12444 --- [main] o.s.s.web.DefaultSecurityFilterChain     : Creating filter chain: any request, [org.springframework.security.web.context.request.async.WebAsyncManagerIntegrationFilter@316cda31, org.springframework.security.web.context.SecurityContextPersistenceFilter@4bb147ec, org.springframework.security.web.header.HeaderWriterFilter@e7b265e, org.springframework.security.web.authentication.logout.LogoutFilter@626d2016, org.springframework.security.web.authentication.UsernamePasswordAuthenticationFilter@19e21f89, org.springframework.security.web.savedrequest.RequestCacheAwareFilter@68ef01a5, org.springframework.security.web.servletapi.SecurityContextHolderAwareRequestFilter@cde8c6c, org.springframework.security.web.authentication.rememberme.RememberMeAuthenticationFilter@7f42e06e, org.springframework.security.web.authentication.AnonymousAuthenticationFilter@50110971, org.springframework.security.web.session.SessionManagementFilter@1fecfaea, org.springframework.security.web.access.ExceptionTranslationFilter@3d53e6f7, org.springframework.security.web.access.intercept.FilterSecurityInterceptor@5c6a5192]
2021-02-10 23:30:48.139  INFO 12444 --- [main] o.s.s.concurrent.ThreadPoolTaskExecutor  : Initializing ExecutorService 'applicationTaskExecutor'
2021-02-10 23:30:48.279  INFO 12444 --- [main] o.s.b.a.w.s.WelcomePageHandlerMapping    : Adding welcome page template: index
2021-02-10 23:30:48.849  INFO 12444 --- [main] c.x.e.EquipmentSysApplicationTests       : Started EquipmentSysApplicationTests in 6.979 seconds (JVM running for 8.365)
2021-02-10 23:30:55.145  INFO 12444 --- [SpringContextShutdownHook] o.s.s.concurrent.ThreadPoolTaskExecutor  : Shutting down ExecutorService 'applicationTaskExecutor'
2021-02-10 23:32:43.663  INFO 6872 --- [Thread-23] o.s.s.concurrent.ThreadPoolTaskExecutor  : Shutting down ExecutorService 'applicationTaskExecutor'
2021-02-10 23:32:43.883  INFO 6872 --- [restartedMain] c.x.e.EquipmentSysApplication            : Starting EquipmentSysApplication on DESKTOP-QLGS8VS with PID 6872 (E:\code\mycode\EquipmentSys\target\classes started by ASUS in E:\code\mycode\EquipmentSys)
2021-02-10 23:32:43.883 DEBUG 6872 --- [restartedMain] c.x.e.EquipmentSysApplication            : Running with Spring Boot v2.3.7.RELEASE, Spring v5.2.12.RELEASE
2021-02-10 23:32:43.883  INFO 6872 --- [restartedMain] c.x.e.EquipmentSysApplication            : No active profile set, falling back to default profiles: default
2021-02-10 23:32:44.173  INFO 6872 --- [restartedMain] .s.d.r.c.RepositoryConfigurationDelegate : Multiple Spring Data modules found, entering strict repository configuration mode!
2021-02-10 23:32:44.173  INFO 6872 --- [restartedMain] .s.d.r.c.RepositoryConfigurationDelegate : Bootstrapping Spring Data Redis repositories in DEFAULT mode.
2021-02-10 23:32:44.183  INFO 6872 --- [restartedMain] .s.d.r.c.RepositoryConfigurationDelegate : Finished Spring Data repository scanning in 12ms. Found 0 Redis repository interfaces.
2021-02-10 23:32:44.363  INFO 6872 --- [restartedMain] o.s.b.w.embedded.tomcat.TomcatWebServer  : Tomcat initialized with port(s): 8090 (http)
2021-02-10 23:32:44.363  INFO 6872 --- [restartedMain] o.apache.catalina.core.StandardService   : Starting service [Tomcat]
2021-02-10 23:32:44.363  INFO 6872 --- [restartedMain] org.apache.catalina.core.StandardEngine  : Starting Servlet engine: [Apache Tomcat/9.0.41]
2021-02-10 23:32:44.363  INFO 6872 --- [restartedMain] o.a.catalina.core.AprLifecycleListener   : Loaded Apache Tomcat Native library [1.2.24] using APR version [1.7.0].
2021-02-10 23:32:44.363  INFO 6872 --- [restartedMain] o.a.catalina.core.AprLifecycleListener   : APR capabilities: IPv6 [true], sendfile [true], accept filters [false], random [true].
2021-02-10 23:32:44.363  INFO 6872 --- [restartedMain] o.a.catalina.core.AprLifecycleListener   : APR/OpenSSL configuration: useAprConnector [false], useOpenSSL [true]
2021-02-10 23:32:44.363  INFO 6872 --- [restartedMain] o.a.catalina.core.AprLifecycleListener   : OpenSSL successfully initialized [OpenSSL 1.1.1g  21 Apr 2020]
2021-02-10 23:32:44.393  INFO 6872 --- [restartedMain] o.a.c.c.C.[Tomcat].[localhost].[/]       : Initializing Spring embedded WebApplicationContext
2021-02-10 23:32:44.393  INFO 6872 --- [restartedMain] w.s.c.ServletWebServerApplicationContext : Root WebApplicationContext: initialization completed in 500 ms
2021-02-10 23:32:45.381  INFO 6872 --- [restartedMain] o.s.s.web.DefaultSecurityFilterChain     : Creating filter chain: any request, [org.springframework.security.web.context.request.async.WebAsyncManagerIntegrationFilter@22e8a7ae, org.springframework.security.web.context.SecurityContextPersistenceFilter@c82e347, org.springframework.security.web.header.HeaderWriterFilter@2d2bed2d, org.springframework.security.web.authentication.logout.LogoutFilter@45bad15c, org.springframework.security.web.authentication.UsernamePasswordAuthenticationFilter@65be8493, org.springframework.security.web.savedrequest.RequestCacheAwareFilter@1db0f878, org.springframework.security.web.servletapi.SecurityContextHolderAwareRequestFilter@6f002c66, org.springframework.security.web.authentication.rememberme.RememberMeAuthenticationFilter@c5d791f, org.springframework.security.web.authentication.AnonymousAuthenticationFilter@5c9f4470, org.springframework.security.web.session.SessionManagementFilter@584d38a1, org.springframework.security.web.access.ExceptionTranslationFilter@69ef1986, org.springframework.security.web.access.intercept.FilterSecurityInterceptor@2eba167d]
2021-02-10 23:32:45.441  INFO 6872 --- [restartedMain] o.s.s.concurrent.ThreadPoolTaskExecutor  : Initializing ExecutorService 'applicationTaskExecutor'
2021-02-10 23:32:45.481  INFO 6872 --- [restartedMain] o.s.b.a.w.s.WelcomePageHandlerMapping    : Adding welcome page template: index
2021-02-10 23:32:45.601  INFO 6872 --- [restartedMain] o.s.b.d.a.OptionalLiveReloadServer       : LiveReload server is running on port 35729
2021-02-10 23:32:45.621  INFO 6872 --- [restartedMain] o.s.b.w.embedded.tomcat.TomcatWebServer  : Tomcat started on port(s): 8090 (http) with context path ''
2021-02-10 23:32:45.621  INFO 6872 --- [restartedMain] c.x.e.EquipmentSysApplication            : Started EquipmentSysApplication in 1.773 seconds (JVM running for 301.257)
2021-02-10 23:32:45.621  INFO 6872 --- [restartedMain] .ConditionEvaluationDeltaLoggingListener : Condition evaluation unchanged
2021-02-10 23:32:46.440  INFO 11856 --- [main] c.x.e.EquipmentSysApplicationTests       : Starting EquipmentSysApplicationTests on DESKTOP-QLGS8VS with PID 11856 (started by ASUS in E:\code\mycode\EquipmentSys)
2021-02-10 23:32:46.440 DEBUG 11856 --- [main] c.x.e.EquipmentSysApplicationTests       : Running with Spring Boot v2.3.7.RELEASE, Spring v5.2.12.RELEASE
2021-02-10 23:32:46.440  INFO 11856 --- [main] c.x.e.EquipmentSysApplicationTests       : No active profile set, falling back to default profiles: default
2021-02-10 23:32:47.270  INFO 11856 --- [main] .s.d.r.c.RepositoryConfigurationDelegate : Multiple Spring Data modules found, entering strict repository configuration mode!
2021-02-10 23:32:47.270  INFO 11856 --- [main] .s.d.r.c.RepositoryConfigurationDelegate : Bootstrapping Spring Data Redis repositories in DEFAULT mode.
2021-02-10 23:32:47.320  INFO 11856 --- [main] .s.d.r.c.RepositoryConfigurationDelegate : Finished Spring Data repository scanning in 27ms. Found 0 Redis repository interfaces.
2021-02-10 23:32:51.268  INFO 11856 --- [main] o.s.s.web.DefaultSecurityFilterChain     : Creating filter chain: any request, [org.springframework.security.web.context.request.async.WebAsyncManagerIntegrationFilter@316cda31, org.springframework.security.web.context.SecurityContextPersistenceFilter@4bb147ec, org.springframework.security.web.header.HeaderWriterFilter@e7b265e, org.springframework.security.web.authentication.logout.LogoutFilter@626d2016, org.springframework.security.web.authentication.UsernamePasswordAuthenticationFilter@19e21f89, org.springframework.security.web.savedrequest.RequestCacheAwareFilter@68ef01a5, org.springframework.security.web.servletapi.SecurityContextHolderAwareRequestFilter@cde8c6c, org.springframework.security.web.authentication.rememberme.RememberMeAuthenticationFilter@7f42e06e, org.springframework.security.web.authentication.AnonymousAuthenticationFilter@50110971, org.springframework.security.web.session.SessionManagementFilter@1fecfaea, org.springframework.security.web.access.ExceptionTranslationFilter@3d53e6f7, org.springframework.security.web.access.intercept.FilterSecurityInterceptor@5c6a5192]
2021-02-10 23:32:51.748  INFO 11856 --- [main] o.s.s.concurrent.ThreadPoolTaskExecutor  : Initializing ExecutorService 'applicationTaskExecutor'
2021-02-10 23:32:51.867  INFO 11856 --- [main] o.s.b.a.w.s.WelcomePageHandlerMapping    : Adding welcome page template: index
2021-02-10 23:32:52.377  INFO 11856 --- [main] c.x.e.EquipmentSysApplicationTests       : Started EquipmentSysApplicationTests in 6.348 seconds (JVM running for 7.674)
2021-02-10 23:32:52.677  INFO 11856 --- [SpringContextShutdownHook] o.s.s.concurrent.ThreadPoolTaskExecutor  : Shutting down ExecutorService 'applicationTaskExecutor'
2021-02-10 23:33:21.635  INFO 6872 --- [SpringContextShutdownHook] o.s.s.concurrent.ThreadPoolTaskExecutor  : Shutting down ExecutorService 'applicationTaskExecutor'
